2015-02-08 19:12:52.894+0000 INFO  [o.n.s.CommunityNeoServer]: Setting startup timeout to: 120000ms based on -1
2015-02-08 19:12:53.108+0000 INFO  [o.n.k.InternalAbstractGraphDatabase]: No locking implementation specified, defaulting to 'community'
2015-02-08 19:12:53.193+0000 INFO  [o.n.k.i.DiagnosticsManager]: --- INITIALIZED diagnostics START ---
2015-02-08 19:12:53.194+0000 INFO  [o.n.k.i.DiagnosticsManager]: Neo4j Kernel properties:
2015-02-08 19:12:53.195+0000 INFO  [o.n.k.i.DiagnosticsManager]: neostore.propertystore.db.mapped_memory=24M
2015-02-08 19:12:53.195+0000 INFO  [o.n.k.i.DiagnosticsManager]: neostore.relationshipgroupstore.db.mapped_memory=0M
2015-02-08 19:12:53.195+0000 INFO  [o.n.k.i.DiagnosticsManager]: neostore.nodestore.db.mapped_memory=6M
2015-02-08 19:12:53.195+0000 INFO  [o.n.k.i.DiagnosticsManager]: neostore.relationshipstore.db.mapped_memory=28M
2015-02-08 19:12:53.195+0000 INFO  [o.n.k.i.DiagnosticsManager]: neostore.propertystore.db.strings.mapped_memory=21M
2015-02-08 19:12:53.195+0000 INFO  [o.n.k.i.DiagnosticsManager]: store_dir=C:\Users\Pavle\Documents\Visual Studio 2012\Projects\JeeBerryHome3\GraphDB
2015-02-08 19:12:53.196+0000 INFO  [o.n.k.i.DiagnosticsManager]: keep_logical_logs=true
2015-02-08 19:12:53.196+0000 INFO  [o.n.k.i.DiagnosticsManager]: neostore.propertystore.db.arrays.mapped_memory=24M
2015-02-08 19:12:53.196+0000 INFO  [o.n.k.i.DiagnosticsManager]: remote_shell_enabled=true
2015-02-08 19:12:53.197+0000 INFO  [o.n.k.i.DiagnosticsManager]: Diagnostics providers:
2015-02-08 19:12:53.197+0000 INFO  [o.n.k.i.DiagnosticsManager]: org.neo4j.kernel.configuration.Config
2015-02-08 19:12:53.197+0000 INFO  [o.n.k.i.DiagnosticsManager]: org.neo4j.kernel.info.DiagnosticsManager
2015-02-08 19:12:53.197+0000 INFO  [o.n.k.i.DiagnosticsManager]: SYSTEM_MEMORY
2015-02-08 19:12:53.197+0000 INFO  [o.n.k.i.DiagnosticsManager]: JAVA_MEMORY
2015-02-08 19:12:53.197+0000 INFO  [o.n.k.i.DiagnosticsManager]: OPERATING_SYSTEM
2015-02-08 19:12:53.197+0000 INFO  [o.n.k.i.DiagnosticsManager]: JAVA_VIRTUAL_MACHINE
2015-02-08 19:12:53.197+0000 INFO  [o.n.k.i.DiagnosticsManager]: CLASSPATH
2015-02-08 19:12:53.197+0000 INFO  [o.n.k.i.DiagnosticsManager]: LIBRARY_PATH
2015-02-08 19:12:53.197+0000 INFO  [o.n.k.i.DiagnosticsManager]: SYSTEM_PROPERTIES
2015-02-08 19:12:53.197+0000 INFO  [o.n.k.i.DiagnosticsManager]: NETWORK
2015-02-08 19:12:53.198+0000 INFO  [o.n.k.i.DiagnosticsManager]: System memory information:
2015-02-08 19:12:53.202+0000 INFO  [o.n.k.i.DiagnosticsManager]: Total Physical memory: 4.00 GB
2015-02-08 19:12:53.203+0000 INFO  [o.n.k.i.DiagnosticsManager]: Free Physical memory: 4.00 GB
2015-02-08 19:12:53.203+0000 INFO  [o.n.k.i.DiagnosticsManager]: Committed virtual memory: 124.73 MB
2015-02-08 19:12:53.203+0000 INFO  [o.n.k.i.DiagnosticsManager]: Total swap space: 4.00 GB
2015-02-08 19:12:53.203+0000 INFO  [o.n.k.i.DiagnosticsManager]: Free swap space: 4.00 GB
2015-02-08 19:12:53.204+0000 INFO  [o.n.k.i.DiagnosticsManager]: JVM memory information:
2015-02-08 19:12:53.204+0000 INFO  [o.n.k.i.DiagnosticsManager]: Free  memory: 40.26 MB
2015-02-08 19:12:53.204+0000 INFO  [o.n.k.i.DiagnosticsManager]: Total memory: 61.50 MB
2015-02-08 19:12:53.204+0000 INFO  [o.n.k.i.DiagnosticsManager]: Max   memory: 455.25 MB
2015-02-08 19:12:53.233+0000 INFO  [o.n.k.i.DiagnosticsManager]: Garbage Collector: PS Scavenge: [PS Eden Space, PS Survivor Space]
2015-02-08 19:12:53.233+0000 INFO  [o.n.k.i.DiagnosticsManager]: Garbage Collector: PS MarkSweep: [PS Eden Space, PS Survivor Space, PS Old Gen, PS Perm Gen]
2015-02-08 19:12:53.234+0000 INFO  [o.n.k.i.DiagnosticsManager]: Memory Pool: Code Cache (Non-heap memory): committed=2.25 MB, used=926.00 kB, max=48.00 MB, threshold=0.00 B
2015-02-08 19:12:53.235+0000 INFO  [o.n.k.i.DiagnosticsManager]: Memory Pool: PS Eden Space (Heap memory): committed=16.50 MB, used=9.44 MB, max=165.75 MB, threshold=?
2015-02-08 19:12:53.235+0000 INFO  [o.n.k.i.DiagnosticsManager]: Memory Pool: PS Survivor Space (Heap memory): committed=2.50 MB, used=2.49 MB, max=2.50 MB, threshold=?
2015-02-08 19:12:53.236+0000 INFO  [o.n.k.i.DiagnosticsManager]: Memory Pool: PS Old Gen (Heap memory): committed=42.50 MB, used=9.31 MB, max=341.25 MB, threshold=0.00 B
2015-02-08 19:12:53.237+0000 INFO  [o.n.k.i.DiagnosticsManager]: Memory Pool: PS Perm Gen (Non-heap memory): committed=16.00 MB, used=15.64 MB, max=64.00 MB, threshold=0.00 B
2015-02-08 19:12:53.237+0000 INFO  [o.n.k.i.DiagnosticsManager]: Operating system information:
2015-02-08 19:12:53.237+0000 INFO  [o.n.k.i.DiagnosticsManager]: Operating System: Windows 8; version: 6.2; arch: x86; cpus: 4
2015-02-08 19:12:53.238+0000 INFO  [o.n.k.i.DiagnosticsManager]: Process id: 7292@HyperWarp
2015-02-08 19:12:53.238+0000 INFO  [o.n.k.i.DiagnosticsManager]: Byte order: LITTLE_ENDIAN
2015-02-08 19:12:53.238+0000 INFO  [o.n.k.i.DiagnosticsManager]: Local timezone: Europe/Prague
2015-02-08 19:12:53.238+0000 INFO  [o.n.k.i.DiagnosticsManager]: JVM information:
2015-02-08 19:12:53.238+0000 INFO  [o.n.k.i.DiagnosticsManager]: VM Name: Java HotSpot(TM) Server VM
2015-02-08 19:12:53.238+0000 INFO  [o.n.k.i.DiagnosticsManager]: VM Vendor: Oracle Corporation
2015-02-08 19:12:53.238+0000 INFO  [o.n.k.i.DiagnosticsManager]: VM Version: 24.55-b03
2015-02-08 19:12:53.239+0000 INFO  [o.n.k.i.DiagnosticsManager]: JIT compiler: HotSpot Tiered Compilers
2015-02-08 19:12:53.240+0000 INFO  [o.n.k.i.DiagnosticsManager]: VM Arguments: [-Dexe4j.semaphoreName=Local\c:_program_files_(x86)_neo4j_community_bin_neo4j-community.exe, -Dexe4j.isInstall4j=true, -Dexe4j.moduleName=C:\Program Files (x86)\Neo4j Community\bin\neo4j-community.exe, -Dexe4j.processCommFile=C:\Users\Pavle\AppData\Local\Temp\e4j_p7292.tmp, -Dexe4j.tempDir=, -Dexe4j.unextractedPosition=0, -Djava.library.path=C:\ProgramData\Oracle\Java\javapath;C:\Program Files (x86)\NVIDIA Corporation\PhysX\Common;C:\Program Files\NVIDIA GPU Computing Toolkit\CUDA\v6.5\bin;C:\Program Files\NVIDIA GPU Computing Toolkit\CUDA\v6.5\libnvvp;D:\app\Pavle\product\11.2.0\client_1\bin;C:\Windows\system32;C:\Windows;C:\Windows\System32\Wbem;C:\Windows\System32\WindowsPowerShell\v1.0\;C:\Program Files\Microsoft\Web Platform Installer\;C:\Program Files (x86)\Microsoft ASP.NET\ASP.NET Web Pages\v1.0\;C:\Program Files (x86)\Windows Kits\8.0\Windows Performance Toolkit\;C:\Program Files\Microsoft SQL Server\110\Tools\Binn\;C:\Program Files (x86)\Git\cmd;C:\Program Files (x86)\Microchip\MPLAB C32 Suite\bin;C:\Program Files (x86)\Windows Live\Shared;C:\Program Files (x86)\Graphviz2.38\bin\dot.exe;D:\Personal\Projekti\Graphics programming\ArcSynthesis\Tutorial 0.3.8\premake4.exe;;c:\program files (x86)\java\jdk1.7.0_55\jre\bin, -Dexe4j.consoleCodepage=cp0, -Dinstall4j.launcherId=24, -Dinstall4j.swt=false, -Xmx512m]
2015-02-08 19:12:53.240+0000 INFO  [o.n.k.i.DiagnosticsManager]: Java classpath:
2015-02-08 19:12:53.245+0000 INFO  [o.n.k.i.DiagnosticsManager]:  [loader.1] file:/C:/Program%20Files%20(x86)/Java/jdk1.7.0_55/jre/lib/ext/localedata.jar
2015-02-08 19:12:53.245+0000 INFO  [o.n.k.i.DiagnosticsManager]:  [loader.1] file:/C:/Program%20Files%20(x86)/Java/jdk1.7.0_55/jre/lib/ext/dnsns.jar
2015-02-08 19:12:53.245+0000 INFO  [o.n.k.i.DiagnosticsManager]:  [loader.0] file:/C:/Program%20Files%20(x86)/Neo4j%20Community/bin/neo4j-desktop-2.1.7.jar
2015-02-08 19:12:53.245+0000 INFO  [o.n.k.i.DiagnosticsManager]:  [loader.1] file:/C:/Program%20Files%20(x86)/Java/jdk1.7.0_55/jre/lib/ext/sunpkcs11.jar
2015-02-08 19:12:53.245+0000 INFO  [o.n.k.i.DiagnosticsManager]:  [classpath] C:\Program Files (x86)\Neo4j Community\.install4j\i4jruntime.jar
2015-02-08 19:12:53.245+0000 INFO  [o.n.k.i.DiagnosticsManager]:  [loader.1] file:/C:/Program%20Files%20(x86)/Java/jdk1.7.0_55/jre/lib/ext/sunjce_provider.jar
2015-02-08 19:12:53.245+0000 INFO  [o.n.k.i.DiagnosticsManager]:  [bootstrap] C:\Program Files (x86)\Java\jdk1.7.0_55\jre\lib\sunrsasign.jar
2015-02-08 19:12:53.245+0000 INFO  [o.n.k.i.DiagnosticsManager]:  [bootstrap] C:\Program Files (x86)\Java\jdk1.7.0_55\jre\classes
2015-02-08 19:12:53.245+0000 INFO  [o.n.k.i.DiagnosticsManager]:  [loader.1] file:/C:/Program%20Files%20(x86)/Java/jdk1.7.0_55/jre/lib/ext/jaccess.jar
2015-02-08 19:12:53.245+0000 INFO  [o.n.k.i.DiagnosticsManager]:  [classpath] C:\Program Files (x86)\Neo4j Community\bin\neo4j-desktop-2.1.7.jar
2015-02-08 19:12:53.245+0000 INFO  [o.n.k.i.DiagnosticsManager]:  [loader.0] file:/C:/Program%20Files%20(x86)/Neo4j%20Community/bin/
2015-02-08 19:12:53.245+0000 INFO  [o.n.k.i.DiagnosticsManager]:  [loader.1] file:/C:/Program%20Files%20(x86)/Java/jdk1.7.0_55/jre/lib/ext/sunec.jar
2015-02-08 19:12:53.245+0000 INFO  [o.n.k.i.DiagnosticsManager]:  [loader.0] file:/C:/Program%20Files%20(x86)/Neo4j%20Community/.install4j/i4jruntime.jar
2015-02-08 19:12:53.245+0000 INFO  [o.n.k.i.DiagnosticsManager]:  [bootstrap] C:\Program Files (x86)\Java\jdk1.7.0_55\jre\lib\resources.jar
2015-02-08 19:12:53.245+0000 INFO  [o.n.k.i.DiagnosticsManager]:  [bootstrap] C:\Program Files (x86)\Java\jdk1.7.0_55\jre\lib\charsets.jar
2015-02-08 19:12:53.246+0000 INFO  [o.n.k.i.DiagnosticsManager]:  [loader.1] file:/C:/Program%20Files%20(x86)/Java/jdk1.7.0_55/jre/lib/ext/zipfs.jar
2015-02-08 19:12:53.246+0000 INFO  [o.n.k.i.DiagnosticsManager]:  [loader.1] file:/C:/Program%20Files%20(x86)/Java/jdk1.7.0_55/jre/lib/ext/sunmscapi.jar
2015-02-08 19:12:53.246+0000 INFO  [o.n.k.i.DiagnosticsManager]:  [bootstrap] C:\Program Files (x86)\Java\jdk1.7.0_55\jre\lib\rt.jar
2015-02-08 19:12:53.246+0000 INFO  [o.n.k.i.DiagnosticsManager]:  [bootstrap] C:\Program Files (x86)\Java\jdk1.7.0_55\jre\lib\jce.jar
2015-02-08 19:12:53.246+0000 INFO  [o.n.k.i.DiagnosticsManager]:  [loader.1] file:/C:/Program%20Files%20(x86)/Java/jdk1.7.0_55/jre/lib/ext/access-bridge-32.jar
2015-02-08 19:12:53.246+0000 INFO  [o.n.k.i.DiagnosticsManager]:  [bootstrap] C:\Program Files (x86)\Java\jdk1.7.0_55\jre\lib\jfr.jar
2015-02-08 19:12:53.246+0000 INFO  [o.n.k.i.DiagnosticsManager]:  [bootstrap] C:\Program Files (x86)\Java\jdk1.7.0_55\jre\lib\jsse.jar
2015-02-08 19:12:53.246+0000 INFO  [o.n.k.i.DiagnosticsManager]: Library path:
2015-02-08 19:12:53.247+0000 INFO  [o.n.k.i.DiagnosticsManager]: C:\ProgramData\Oracle\Java\javapath
2015-02-08 19:12:53.247+0000 INFO  [o.n.k.i.DiagnosticsManager]: C:\Program Files (x86)\NVIDIA Corporation\PhysX\Common
2015-02-08 19:12:53.248+0000 INFO  [o.n.k.i.DiagnosticsManager]: C:\Program Files\NVIDIA GPU Computing Toolkit\CUDA\v6.5\bin
2015-02-08 19:12:53.249+0000 INFO  [o.n.k.i.DiagnosticsManager]: C:\Program Files\NVIDIA GPU Computing Toolkit\CUDA\v6.5\libnvvp
2015-02-08 19:12:53.249+0000 INFO  [o.n.k.i.DiagnosticsManager]: D:\app\Pavle\product\11.2.0\client_1\BIN
2015-02-08 19:12:53.250+0000 INFO  [o.n.k.i.DiagnosticsManager]: C:\Windows\System32
2015-02-08 19:12:53.250+0000 INFO  [o.n.k.i.DiagnosticsManager]: C:\Windows
2015-02-08 19:12:53.251+0000 INFO  [o.n.k.i.DiagnosticsManager]: C:\Windows\System32\wbem
2015-02-08 19:12:53.252+0000 INFO  [o.n.k.i.DiagnosticsManager]: C:\Windows\System32\WindowsPowerShell\v1.0
2015-02-08 19:12:53.253+0000 INFO  [o.n.k.i.DiagnosticsManager]: C:\Program Files\Microsoft\Web Platform Installer
2015-02-08 19:12:53.254+0000 INFO  [o.n.k.i.DiagnosticsManager]: C:\Program Files (x86)\Microsoft ASP.NET\ASP.NET Web Pages\v1.0
2015-02-08 19:12:53.254+0000 INFO  [o.n.k.i.DiagnosticsManager]: C:\Program Files (x86)\Windows Kits\8.0\Windows Performance Toolkit
2015-02-08 19:12:53.255+0000 INFO  [o.n.k.i.DiagnosticsManager]: C:\Program Files\Microsoft SQL Server\110\Tools\Binn
2015-02-08 19:12:53.256+0000 INFO  [o.n.k.i.DiagnosticsManager]: C:\Program Files (x86)\Git\cmd
2015-02-08 19:12:53.256+0000 INFO  [o.n.k.i.DiagnosticsManager]: C:\Program Files (x86)\Microchip\MPLAB C32 Suite\bin
2015-02-08 19:12:53.257+0000 INFO  [o.n.k.i.DiagnosticsManager]: C:\Program Files (x86)\Windows Live\Shared
2015-02-08 19:12:53.257+0000 INFO  [o.n.k.i.DiagnosticsManager]: C:\Program Files (x86)\Graphviz2.38\bin\dot.exe
2015-02-08 19:12:53.258+0000 INFO  [o.n.k.i.DiagnosticsManager]: D:\Personal\Projekti\Graphics programming\ArcSynthesis\Tutorial 0.3.8\premake4.exe
2015-02-08 19:12:53.258+0000 INFO  [o.n.k.i.DiagnosticsManager]: C:\Program Files (x86)\Neo4j Community\bin
2015-02-08 19:12:53.259+0000 INFO  [o.n.k.i.DiagnosticsManager]: C:\Program Files (x86)\Java\jdk1.7.0_55\jre\bin
2015-02-08 19:12:53.259+0000 INFO  [o.n.k.i.DiagnosticsManager]: System.properties:
2015-02-08 19:12:53.263+0000 INFO  [o.n.k.i.DiagnosticsManager]: exe4j.moduleName = C:\Program Files (x86)\Neo4j Community\bin\neo4j-community.exe
2015-02-08 19:12:53.264+0000 INFO  [o.n.k.i.DiagnosticsManager]: exe4j.processCommFile = C:\Users\Pavle\AppData\Local\Temp\e4j_p7292.tmp
2015-02-08 19:12:53.264+0000 INFO  [o.n.k.i.DiagnosticsManager]: exe4j.semaphoreName = Local\c:_program_files_(x86)_neo4j_community_bin_neo4j-community.exe
2015-02-08 19:12:53.264+0000 INFO  [o.n.k.i.DiagnosticsManager]: sun.boot.library.path = c:\program files (x86)\java\jdk1.7.0_55\jre\bin
2015-02-08 19:12:53.264+0000 INFO  [o.n.k.i.DiagnosticsManager]: user.country.format = RS
2015-02-08 19:12:53.264+0000 INFO  [o.n.k.i.DiagnosticsManager]: exe4j.consoleCodepage = cp0
2015-02-08 19:12:53.264+0000 INFO  [o.n.k.i.DiagnosticsManager]: path.separator = ;
2015-02-08 19:12:53.264+0000 INFO  [o.n.k.i.DiagnosticsManager]: file.encoding.pkg = sun.io
2015-02-08 19:12:53.264+0000 INFO  [o.n.k.i.DiagnosticsManager]: user.country = US
2015-02-08 19:12:53.264+0000 INFO  [o.n.k.i.DiagnosticsManager]: user.script = 
2015-02-08 19:12:53.264+0000 INFO  [o.n.k.i.DiagnosticsManager]: sun.os.patch.level = 
2015-02-08 19:12:53.264+0000 INFO  [o.n.k.i.DiagnosticsManager]: install4j.exeDir = C:\Program Files (x86)\Neo4j Community\bin\
2015-02-08 19:12:53.264+0000 INFO  [o.n.k.i.DiagnosticsManager]: user.dir = C:\Program Files (x86)\Neo4j Community\bin
2015-02-08 19:12:53.264+0000 INFO  [o.n.k.i.DiagnosticsManager]: user.script.format = Latn
2015-02-08 19:12:53.264+0000 INFO  [o.n.k.i.DiagnosticsManager]: user.variant = 
2015-02-08 19:12:53.264+0000 INFO  [o.n.k.i.DiagnosticsManager]: exe4j.tempDir = 
2015-02-08 19:12:53.264+0000 INFO  [o.n.k.i.DiagnosticsManager]: sun.jnu.encoding = Cp1250
2015-02-08 19:12:53.264+0000 INFO  [o.n.k.i.DiagnosticsManager]: sun.awt.enableExtraMouseButtons = true
2015-02-08 19:12:53.264+0000 INFO  [o.n.k.i.DiagnosticsManager]: install4j.launcherId = 24
2015-02-08 19:12:53.264+0000 INFO  [o.n.k.i.DiagnosticsManager]: sun.management.compiler = HotSpot Tiered Compilers
2015-02-08 19:12:53.264+0000 INFO  [o.n.k.i.DiagnosticsManager]: exe4j.isInstall4j = true
2015-02-08 19:12:53.264+0000 INFO  [o.n.k.i.DiagnosticsManager]: install4j.swt = false
2015-02-08 19:12:53.265+0000 INFO  [o.n.k.i.DiagnosticsManager]: user.home = C:\Users\Pavle
2015-02-08 19:12:53.265+0000 INFO  [o.n.k.i.DiagnosticsManager]: user.timezone = Europe/Prague
2015-02-08 19:12:53.265+0000 INFO  [o.n.k.i.DiagnosticsManager]: file.encoding = Cp1250
2015-02-08 19:12:53.265+0000 INFO  [o.n.k.i.DiagnosticsManager]: neo4j.ext.udc.launcher = desktop
2015-02-08 19:12:53.265+0000 INFO  [o.n.k.i.DiagnosticsManager]: user.name = Pavle
2015-02-08 19:12:53.265+0000 INFO  [o.n.k.i.DiagnosticsManager]: sun.java.command = C:\Program Files (x86)\Neo4j Community\bin\neo4j-community.exe
2015-02-08 19:12:53.265+0000 INFO  [o.n.k.i.DiagnosticsManager]: sun.arch.data.model = 32
2015-02-08 19:12:53.265+0000 INFO  [o.n.k.i.DiagnosticsManager]: exe4j.launchName = C:\Program Files (x86)\Neo4j Community\bin\neo4j-community.exe
2015-02-08 19:12:53.265+0000 INFO  [o.n.k.i.DiagnosticsManager]: user.language = en
2015-02-08 19:12:53.265+0000 INFO  [o.n.k.i.DiagnosticsManager]: user.language.format = sr
2015-02-08 19:12:53.265+0000 INFO  [o.n.k.i.DiagnosticsManager]: awt.toolkit = sun.awt.windows.WToolkit
2015-02-08 19:12:53.265+0000 INFO  [o.n.k.i.DiagnosticsManager]: exe4j.unextractedPosition = 0
2015-02-08 19:12:53.265+0000 INFO  [o.n.k.i.DiagnosticsManager]: install4j.appDir = C:\Program Files (x86)\Neo4j Community\
2015-02-08 19:12:53.265+0000 INFO  [o.n.k.i.DiagnosticsManager]: file.separator = \
2015-02-08 19:12:53.265+0000 INFO  [o.n.k.i.DiagnosticsManager]: sun.io.unicode.encoding = UnicodeLittle
2015-02-08 19:12:53.265+0000 INFO  [o.n.k.i.DiagnosticsManager]: sun.cpu.endian = little
2015-02-08 19:12:53.265+0000 INFO  [o.n.k.i.DiagnosticsManager]: sun.desktop = windows
2015-02-08 19:12:53.265+0000 INFO  [o.n.k.i.DiagnosticsManager]: sun.cpu.isalist = pentium_pro+mmx pentium_pro pentium+mmx pentium i486 i386 i86
2015-02-08 19:12:53.265+0000 INFO  [o.n.k.i.DiagnosticsManager]: Network information:
2015-02-08 19:12:53.309+0000 INFO  [o.n.k.i.DiagnosticsManager]: Interface Software Loopback Interface 1:
2015-02-08 19:12:53.310+0000 INFO  [o.n.k.i.DiagnosticsManager]:     address: 127.0.0.1
2015-02-08 19:12:53.310+0000 INFO  [o.n.k.i.DiagnosticsManager]:     address: 0:0:0:0:0:0:0:1
2015-02-08 19:12:53.310+0000 INFO  [o.n.k.i.DiagnosticsManager]: Interface Microsoft Kernel Debug Network Adapter:
2015-02-08 19:12:53.310+0000 INFO  [o.n.k.i.DiagnosticsManager]: Interface Realtek PCIe GBE Family Controller:
2015-02-08 19:12:53.310+0000 INFO  [o.n.k.i.DiagnosticsManager]:     address: fe80:0:0:0:9455:d891:20fa:eca3%3
2015-02-08 19:12:53.310+0000 INFO  [o.n.k.i.DiagnosticsManager]: Interface Qualcomm Atheros AR9485WB-EG Wireless Network Adapter:
2015-02-08 19:12:53.310+0000 INFO  [o.n.k.i.DiagnosticsManager]:     address: 192.168.0.11
2015-02-08 19:12:53.310+0000 INFO  [o.n.k.i.DiagnosticsManager]:     address: fe80:0:0:0:a992:df9d:c154:a79%4
2015-02-08 19:12:53.310+0000 INFO  [o.n.k.i.DiagnosticsManager]: Interface Bluetooth Device (Personal Area Network):
2015-02-08 19:12:53.310+0000 INFO  [o.n.k.i.DiagnosticsManager]:     address: fe80:0:0:0:7ca8:f72d:f991:76f3%5
2015-02-08 19:12:53.311+0000 INFO  [o.n.k.i.DiagnosticsManager]: Interface Bluetooth Device (RFCOMM Protocol TDI):
2015-02-08 19:12:53.311+0000 INFO  [o.n.k.i.DiagnosticsManager]: Interface Microsoft Wi-Fi Direct Virtual Adapter:
2015-02-08 19:12:53.311+0000 INFO  [o.n.k.i.DiagnosticsManager]:     address: fe80:0:0:0:c8b7:f5eb:d591:9b9d%7
2015-02-08 19:12:53.311+0000 INFO  [o.n.k.i.DiagnosticsManager]: Interface Teredo Tunneling Pseudo-Interface:
2015-02-08 19:12:53.311+0000 INFO  [o.n.k.i.DiagnosticsManager]:     address: 2001:0:9d38:6abd:3c55:41e:3f57:fff4
2015-02-08 19:12:53.311+0000 INFO  [o.n.k.i.DiagnosticsManager]:     address: fe80:0:0:0:3c55:41e:3f57:fff4%8
2015-02-08 19:12:53.311+0000 INFO  [o.n.k.i.DiagnosticsManager]: Interface Microsoft ISATAP Adapter #2:
2015-02-08 19:12:53.311+0000 INFO  [o.n.k.i.DiagnosticsManager]:     address: fe80:0:0:0:0:5efe:c0a8:b%9
2015-02-08 19:12:53.311+0000 INFO  [o.n.k.i.DiagnosticsManager]: Interface Microsoft ISATAP Adapter #5:
2015-02-08 19:12:53.311+0000 INFO  [o.n.k.i.DiagnosticsManager]: Interface Realtek PCIe GBE Family Controller-WFP Native MAC Layer LightWeight Filter-0000:
2015-02-08 19:12:53.311+0000 INFO  [o.n.k.i.DiagnosticsManager]: Interface Realtek PCIe GBE Family Controller-QoS Packet Scheduler-0000:
2015-02-08 19:12:53.312+0000 INFO  [o.n.k.i.DiagnosticsManager]: Interface Realtek PCIe GBE Family Controller-WFP 802.3 MAC Layer LightWeight Filter-0000:
2015-02-08 19:12:53.312+0000 INFO  [o.n.k.i.DiagnosticsManager]: Interface Qualcomm Atheros AR9485WB-EG Wireless Network Adapter-WFP Native MAC Layer LightWeight Filter-0000:
2015-02-08 19:12:53.312+0000 INFO  [o.n.k.i.DiagnosticsManager]: Interface Qualcomm Atheros AR9485WB-EG Wireless Network Adapter-Virtual WiFi Filter Driver-0000:
2015-02-08 19:12:53.312+0000 INFO  [o.n.k.i.DiagnosticsManager]: Interface Qualcomm Atheros AR9485WB-EG Wireless Network Adapter-Native WiFi Filter Driver-0000:
2015-02-08 19:12:53.312+0000 INFO  [o.n.k.i.DiagnosticsManager]: Interface Qualcomm Atheros AR9485WB-EG Wireless Network Adapter-QoS Packet Scheduler-0000:
2015-02-08 19:12:53.312+0000 INFO  [o.n.k.i.DiagnosticsManager]: Interface Qualcomm Atheros AR9485WB-EG Wireless Network Adapter-WFP 802.3 MAC Layer LightWeight Filter-0000:
2015-02-08 19:12:53.312+0000 INFO  [o.n.k.i.DiagnosticsManager]: Interface Microsoft Wi-Fi Direct Virtual Adapter-WFP Native MAC Layer LightWeight Filter-0000:
2015-02-08 19:12:53.312+0000 INFO  [o.n.k.i.DiagnosticsManager]: Interface Microsoft Wi-Fi Direct Virtual Adapter-Native WiFi Filter Driver-0000:
2015-02-08 19:12:53.312+0000 INFO  [o.n.k.i.DiagnosticsManager]: Interface Microsoft Wi-Fi Direct Virtual Adapter-QoS Packet Scheduler-0000:
2015-02-08 19:12:53.312+0000 INFO  [o.n.k.i.DiagnosticsManager]: Interface Microsoft Wi-Fi Direct Virtual Adapter-WFP 802.3 MAC Layer LightWeight Filter-0000:
2015-02-08 19:12:53.312+0000 INFO  [o.n.k.i.DiagnosticsManager]: --- INITIALIZED diagnostics END ---
2015-02-08 19:12:53.578+0000 INFO  [o.n.k.i.n.s.StoreFactory]: Creating new db @ C:\Users\Pavle\Documents\Visual Studio 2012\Projects\JeeBerryHome3\GraphDB\neostore
2015-02-08 19:12:55.197+0000 INFO  [o.n.k.i.n.s.StoreFactory]: [C:\Users\Pavle\Documents\Visual Studio 2012\Projects\JeeBerryHome3\GraphDB\neostore.relationshiptypestore.db.names] brickCount=0 brickSize=0b mappedMem=0b (storeSize=38b)
2015-02-08 19:12:55.199+0000 INFO  [o.n.k.i.n.s.StoreFactory]: [C:\Users\Pavle\Documents\Visual Studio 2012\Projects\JeeBerryHome3\GraphDB\neostore.relationshiptypestore.db] brickCount=0 brickSize=0b mappedMem=0b (storeSize=0b)
2015-02-08 19:12:55.237+0000 INFO  [o.n.k.i.n.s.StoreFactory]: C:\Users\Pavle\Documents\Visual Studio 2012\Projects\JeeBerryHome3\GraphDB\neostore.relationshiptypestore.db.names hit=0 miss=0 switches=0 ooe=0
2015-02-08 19:12:55.377+0000 INFO  [o.n.k.i.n.s.StoreFactory]: C:\Users\Pavle\Documents\Visual Studio 2012\Projects\JeeBerryHome3\GraphDB\neostore.relationshiptypestore.db hit=0 miss=0 switches=0 ooe=0
2015-02-08 19:12:55.778+0000 INFO  [o.n.k.i.n.s.StoreFactory]: [C:\Users\Pavle\Documents\Visual Studio 2012\Projects\JeeBerryHome3\GraphDB\neostore.labeltokenstore.db.names] brickCount=0 brickSize=0b mappedMem=0b (storeSize=38b)
2015-02-08 19:12:55.780+0000 INFO  [o.n.k.i.n.s.StoreFactory]: [C:\Users\Pavle\Documents\Visual Studio 2012\Projects\JeeBerryHome3\GraphDB\neostore.labeltokenstore.db] brickCount=0 brickSize=0b mappedMem=0b (storeSize=0b)
2015-02-08 19:12:55.803+0000 INFO  [o.n.k.i.n.s.StoreFactory]: C:\Users\Pavle\Documents\Visual Studio 2012\Projects\JeeBerryHome3\GraphDB\neostore.labeltokenstore.db.names hit=0 miss=0 switches=0 ooe=0
2015-02-08 19:12:55.943+0000 INFO  [o.n.k.i.n.s.StoreFactory]: C:\Users\Pavle\Documents\Visual Studio 2012\Projects\JeeBerryHome3\GraphDB\neostore.labeltokenstore.db hit=0 miss=0 switches=0 ooe=0
2015-02-08 19:12:56.422+0000 INFO  [o.n.k.i.n.s.StoreFactory]: [C:\Users\Pavle\Documents\Visual Studio 2012\Projects\JeeBerryHome3\GraphDB\neostore.relationshiptypestore.db.names] brickCount=0 brickSize=0b mappedMem=0b (storeSize=38b)
2015-02-08 19:12:56.423+0000 INFO  [o.n.k.i.n.s.StoreFactory]: [C:\Users\Pavle\Documents\Visual Studio 2012\Projects\JeeBerryHome3\GraphDB\neostore.relationshiptypestore.db] brickCount=0 brickSize=0b mappedMem=0b (storeSize=0b)
2015-02-08 19:12:56.425+0000 INFO  [o.n.k.i.n.s.StoreFactory]: [C:\Users\Pavle\Documents\Visual Studio 2012\Projects\JeeBerryHome3\GraphDB\neostore.labeltokenstore.db.names] brickCount=0 brickSize=0b mappedMem=0b (storeSize=38b)
2015-02-08 19:12:56.426+0000 INFO  [o.n.k.i.n.s.StoreFactory]: [C:\Users\Pavle\Documents\Visual Studio 2012\Projects\JeeBerryHome3\GraphDB\neostore.labeltokenstore.db] brickCount=0 brickSize=0b mappedMem=0b (storeSize=0b)
2015-02-08 19:12:56.427+0000 INFO  [o.n.k.i.n.s.StoreFactory]: [C:\Users\Pavle\Documents\Visual Studio 2012\Projects\JeeBerryHome3\GraphDB\neostore.propertystore.db.strings] brickCount=0 brickSize=22016b mappedMem=22020096b (storeSize=128b)
2015-02-08 19:12:56.429+0000 INFO  [o.n.k.i.n.s.StoreFactory]: [C:\Users\Pavle\Documents\Visual Studio 2012\Projects\JeeBerryHome3\GraphDB\neostore.propertystore.db.index.keys] brickCount=0 brickSize=0b mappedMem=0b (storeSize=38b)
2015-02-08 19:12:56.431+0000 INFO  [o.n.k.i.n.s.StoreFactory]: [C:\Users\Pavle\Documents\Visual Studio 2012\Projects\JeeBerryHome3\GraphDB\neostore.propertystore.db.index] brickCount=0 brickSize=0b mappedMem=0b (storeSize=0b)
2015-02-08 19:12:56.432+0000 INFO  [o.n.k.i.n.s.StoreFactory]: [C:\Users\Pavle\Documents\Visual Studio 2012\Projects\JeeBerryHome3\GraphDB\neostore.propertystore.db.arrays] brickCount=0 brickSize=25088b mappedMem=25165824b (storeSize=128b)
2015-02-08 19:12:56.436+0000 INFO  [o.n.k.i.n.s.StoreFactory]: [C:\Users\Pavle\Documents\Visual Studio 2012\Projects\JeeBerryHome3\GraphDB\neostore.propertystore.db] brickCount=0 brickSize=251658b mappedMem=25165824b (storeSize=0b)
2015-02-08 19:12:56.439+0000 INFO  [o.n.k.i.n.s.StoreFactory]: [C:\Users\Pavle\Documents\Visual Studio 2012\Projects\JeeBerryHome3\GraphDB\neostore.relationshipstore.db] brickCount=0 brickSize=293590b mappedMem=29360128b (storeSize=0b)
2015-02-08 19:12:56.440+0000 INFO  [o.n.k.i.n.s.StoreFactory]: [C:\Users\Pavle\Documents\Visual Studio 2012\Projects\JeeBerryHome3\GraphDB\neostore.nodestore.db.labels] brickCount=0 brickSize=0b mappedMem=0b (storeSize=68b)
2015-02-08 19:12:56.443+0000 INFO  [o.n.k.i.n.s.StoreFactory]: [C:\Users\Pavle\Documents\Visual Studio 2012\Projects\JeeBerryHome3\GraphDB\neostore.nodestore.db] brickCount=0 brickSize=62910b mappedMem=6291456b (storeSize=0b)
2015-02-08 19:12:56.446+0000 INFO  [o.n.k.i.n.s.StoreFactory]: [C:\Users\Pavle\Documents\Visual Studio 2012\Projects\JeeBerryHome3\GraphDB\neostore.schemastore.db] brickCount=0 brickSize=0b mappedMem=0b (storeSize=64b)
2015-02-08 19:12:56.448+0000 INFO  [o.n.k.i.n.s.StoreFactory]: [C:\Users\Pavle\Documents\Visual Studio 2012\Projects\JeeBerryHome3\GraphDB\neostore.relationshipgroupstore.db] brickCount=0 brickSize=0b mappedMem=0b (storeSize=25b)
2015-02-08 19:12:56.451+0000 INFO  [o.n.k.i.n.s.StoreFactory]: [C:\Users\Pavle\Documents\Visual Studio 2012\Projects\JeeBerryHome3\GraphDB\neostore] brickCount=0 brickSize=0b mappedMem=0b (storeSize=0b)
2015-02-08 19:12:56.681+0000 INFO  [o.n.k.i.n.s.StoreFactory]: C:\Users\Pavle\Documents\Visual Studio 2012\Projects\JeeBerryHome3\GraphDB\neostore.relationshiptypestore.db.names hit=0 miss=0 switches=0 ooe=0
2015-02-08 19:12:56.821+0000 INFO  [o.n.k.i.n.s.StoreFactory]: C:\Users\Pavle\Documents\Visual Studio 2012\Projects\JeeBerryHome3\GraphDB\neostore.relationshiptypestore.db hit=0 miss=0 switches=0 ooe=0
2015-02-08 19:12:56.966+0000 INFO  [o.n.k.i.n.s.StoreFactory]: C:\Users\Pavle\Documents\Visual Studio 2012\Projects\JeeBerryHome3\GraphDB\neostore.labeltokenstore.db.names hit=0 miss=0 switches=0 ooe=0
2015-02-08 19:12:57.099+0000 INFO  [o.n.k.i.n.s.StoreFactory]: C:\Users\Pavle\Documents\Visual Studio 2012\Projects\JeeBerryHome3\GraphDB\neostore.labeltokenstore.db hit=0 miss=0 switches=0 ooe=0
2015-02-08 19:12:57.244+0000 INFO  [o.n.k.i.n.s.StoreFactory]: C:\Users\Pavle\Documents\Visual Studio 2012\Projects\JeeBerryHome3\GraphDB\neostore.propertystore.db.strings hit=0 miss=0 switches=0 ooe=0
2015-02-08 19:12:57.388+0000 INFO  [o.n.k.i.n.s.StoreFactory]: C:\Users\Pavle\Documents\Visual Studio 2012\Projects\JeeBerryHome3\GraphDB\neostore.propertystore.db.index.keys hit=0 miss=0 switches=0 ooe=0
2015-02-08 19:12:57.521+0000 INFO  [o.n.k.i.n.s.StoreFactory]: C:\Users\Pavle\Documents\Visual Studio 2012\Projects\JeeBerryHome3\GraphDB\neostore.propertystore.db.index hit=0 miss=0 switches=0 ooe=0
2015-02-08 19:12:57.666+0000 INFO  [o.n.k.i.n.s.StoreFactory]: C:\Users\Pavle\Documents\Visual Studio 2012\Projects\JeeBerryHome3\GraphDB\neostore.propertystore.db.arrays hit=0 miss=0 switches=0 ooe=0
2015-02-08 19:12:57.821+0000 INFO  [o.n.k.i.n.s.StoreFactory]: C:\Users\Pavle\Documents\Visual Studio 2012\Projects\JeeBerryHome3\GraphDB\neostore.propertystore.db hit=0 miss=0 switches=0 ooe=0
2015-02-08 19:12:57.989+0000 INFO  [o.n.k.i.n.s.StoreFactory]: C:\Users\Pavle\Documents\Visual Studio 2012\Projects\JeeBerryHome3\GraphDB\neostore.relationshipstore.db hit=0 miss=0 switches=0 ooe=0
2015-02-08 19:12:58.166+0000 INFO  [o.n.k.i.n.s.StoreFactory]: C:\Users\Pavle\Documents\Visual Studio 2012\Projects\JeeBerryHome3\GraphDB\neostore.nodestore.db.labels hit=0 miss=0 switches=0 ooe=0
2015-02-08 19:12:58.300+0000 INFO  [o.n.k.i.n.s.StoreFactory]: C:\Users\Pavle\Documents\Visual Studio 2012\Projects\JeeBerryHome3\GraphDB\neostore.nodestore.db hit=0 miss=0 switches=0 ooe=0
2015-02-08 19:12:58.444+0000 INFO  [o.n.k.i.n.s.StoreFactory]: C:\Users\Pavle\Documents\Visual Studio 2012\Projects\JeeBerryHome3\GraphDB\neostore.schemastore.db hit=0 miss=0 switches=0 ooe=0
2015-02-08 19:12:58.610+0000 INFO  [o.n.k.i.n.s.StoreFactory]: C:\Users\Pavle\Documents\Visual Studio 2012\Projects\JeeBerryHome3\GraphDB\neostore.relationshipgroupstore.db hit=0 miss=0 switches=0 ooe=0
2015-02-08 19:12:58.776+0000 INFO  [o.n.k.i.n.s.StoreFactory]: C:\Users\Pavle\Documents\Visual Studio 2012\Projects\JeeBerryHome3\GraphDB\neostore hit=0 miss=10 switches=0 ooe=0
2015-02-08 19:12:58.904+0000 INFO  [o.n.k.i.n.s.StoreFactory]: [C:\Users\Pavle\Documents\Visual Studio 2012\Projects\JeeBerryHome3\GraphDB\neostore.relationshiptypestore.db.names] brickCount=0 brickSize=0b mappedMem=0b (storeSize=38b)
2015-02-08 19:12:58.905+0000 INFO  [o.n.k.i.n.s.StoreFactory]: [C:\Users\Pavle\Documents\Visual Studio 2012\Projects\JeeBerryHome3\GraphDB\neostore.relationshiptypestore.db] brickCount=0 brickSize=0b mappedMem=0b (storeSize=0b)
2015-02-08 19:12:58.906+0000 INFO  [o.n.k.i.n.s.StoreFactory]: [C:\Users\Pavle\Documents\Visual Studio 2012\Projects\JeeBerryHome3\GraphDB\neostore.labeltokenstore.db.names] brickCount=0 brickSize=0b mappedMem=0b (storeSize=38b)
2015-02-08 19:12:58.907+0000 INFO  [o.n.k.i.n.s.StoreFactory]: [C:\Users\Pavle\Documents\Visual Studio 2012\Projects\JeeBerryHome3\GraphDB\neostore.labeltokenstore.db] brickCount=0 brickSize=0b mappedMem=0b (storeSize=0b)
2015-02-08 19:12:58.908+0000 INFO  [o.n.k.i.n.s.StoreFactory]: [C:\Users\Pavle\Documents\Visual Studio 2012\Projects\JeeBerryHome3\GraphDB\neostore.propertystore.db.strings] brickCount=0 brickSize=22016b mappedMem=22020096b (storeSize=128b)
2015-02-08 19:12:58.909+0000 INFO  [o.n.k.i.n.s.StoreFactory]: [C:\Users\Pavle\Documents\Visual Studio 2012\Projects\JeeBerryHome3\GraphDB\neostore.propertystore.db.index.keys] brickCount=0 brickSize=0b mappedMem=0b (storeSize=38b)
2015-02-08 19:12:58.910+0000 INFO  [o.n.k.i.n.s.StoreFactory]: [C:\Users\Pavle\Documents\Visual Studio 2012\Projects\JeeBerryHome3\GraphDB\neostore.propertystore.db.index] brickCount=0 brickSize=0b mappedMem=0b (storeSize=0b)
2015-02-08 19:12:58.911+0000 INFO  [o.n.k.i.n.s.StoreFactory]: [C:\Users\Pavle\Documents\Visual Studio 2012\Projects\JeeBerryHome3\GraphDB\neostore.propertystore.db.arrays] brickCount=0 brickSize=25088b mappedMem=25165824b (storeSize=128b)
2015-02-08 19:12:58.912+0000 INFO  [o.n.k.i.n.s.StoreFactory]: [C:\Users\Pavle\Documents\Visual Studio 2012\Projects\JeeBerryHome3\GraphDB\neostore.propertystore.db] brickCount=0 brickSize=251658b mappedMem=25165824b (storeSize=0b)
2015-02-08 19:12:58.913+0000 INFO  [o.n.k.i.n.s.StoreFactory]: [C:\Users\Pavle\Documents\Visual Studio 2012\Projects\JeeBerryHome3\GraphDB\neostore.relationshipstore.db] brickCount=0 brickSize=293590b mappedMem=29360128b (storeSize=0b)
2015-02-08 19:12:58.914+0000 INFO  [o.n.k.i.n.s.StoreFactory]: [C:\Users\Pavle\Documents\Visual Studio 2012\Projects\JeeBerryHome3\GraphDB\neostore.nodestore.db.labels] brickCount=0 brickSize=0b mappedMem=0b (storeSize=68b)
2015-02-08 19:12:58.915+0000 INFO  [o.n.k.i.n.s.StoreFactory]: [C:\Users\Pavle\Documents\Visual Studio 2012\Projects\JeeBerryHome3\GraphDB\neostore.nodestore.db] brickCount=0 brickSize=62910b mappedMem=6291456b (storeSize=0b)
2015-02-08 19:12:58.916+0000 INFO  [o.n.k.i.n.s.StoreFactory]: [C:\Users\Pavle\Documents\Visual Studio 2012\Projects\JeeBerryHome3\GraphDB\neostore.schemastore.db] brickCount=0 brickSize=0b mappedMem=0b (storeSize=64b)
2015-02-08 19:12:58.918+0000 INFO  [o.n.k.i.n.s.StoreFactory]: [C:\Users\Pavle\Documents\Visual Studio 2012\Projects\JeeBerryHome3\GraphDB\neostore.relationshipgroupstore.db] brickCount=0 brickSize=0b mappedMem=0b (storeSize=25b)
2015-02-08 19:12:58.919+0000 INFO  [o.n.k.i.n.s.StoreFactory]: [C:\Users\Pavle\Documents\Visual Studio 2012\Projects\JeeBerryHome3\GraphDB\neostore] brickCount=0 brickSize=0b mappedMem=0b (storeSize=81b)
2015-02-08 19:12:59.004+0000 INFO  [o.n.k.a.i.i.LuceneLabelScanStore]: No lucene scan store index found, this might just be first use. Preparing to rebuild.
2015-02-08 19:12:59.064+0000 INFO  [o.n.k.a.i.i.LuceneLabelScanStore]: No lucene scan store index found, this might just be first use. Preparing to rebuild.
2015-02-08 19:12:59.316+0000 INFO  [o.n.k.i.t.x.XaLogicalLog]: Opened logical log [C:\Users\Pavle\Documents\Visual Studio 2012\Projects\JeeBerryHome3\GraphDB\nioneo_logical.log.1] version=0, lastTxId=1 (clean)
2015-02-08 19:12:59.394+0000 INFO  [o.n.k.a.i.i.LuceneLabelScanStore]: Rebuilding lucene scan store, this may take a while
2015-02-08 19:12:59.395+0000 INFO  [o.n.k.a.i.i.LuceneLabelScanStore]: Lucene scan store rebuilt (roughly -1 nodes)
2015-02-08 19:12:59.401+0000 INFO  [o.n.k.i.t.TxManager]: TM new log: tm_tx_log.1
2015-02-08 19:12:59.494+0000 INFO  [o.n.k.i.t.KernelHealth]: Kernel health set to OK
2015-02-08 19:13:01.259+0000 INFO  [o.n.k.i.t.x.XaLogicalLog]: Opened logical log [C:\Users\Pavle\Documents\Visual Studio 2012\Projects\JeeBerryHome3\GraphDB\index\lucene.log.1] version=0, lastTxId=1 (clean)
2015-02-08 19:13:01.304+0000 INFO  [o.n.k.i.DiagnosticsManager]: --- STARTED diagnostics for KernelDiagnostics:Versions START ---
2015-02-08 19:13:01.305+0000 INFO  [o.n.k.i.DiagnosticsManager]: Graph Database: org.neo4j.kernel.EmbeddedGraphDatabase StoreId{creationTime=1423422773593, randomId=-8287486422524897734, storeVersion=14406081294923270, upgradeTime=1423422773593, upgradeId=-8287486422524897734}
2015-02-08 19:13:01.305+0000 INFO  [o.n.k.i.DiagnosticsManager]: Kernel version: Neo4j Desktop (neo4j-desktop), version: 2.1.7
2015-02-08 19:13:01.305+0000 INFO  [o.n.k.i.DiagnosticsManager]: Neo4j component versions:
2015-02-08 19:13:01.307+0000 INFO  [o.n.k.i.DiagnosticsManager]:   Neo4j Desktop (neo4j-jmx), version: 2.1.7; revision: 2.1.7:2.1-maint:649/ed233fc1087f4549d1956b8ec4a504fe2f13a446
2015-02-08 19:13:01.307+0000 INFO  [o.n.k.i.DiagnosticsManager]:   Neo4j Desktop (neo4j-lucene-index), version: 2.1.7; revision: 2.1.7:2.1-maint:649/ed233fc1087f4549d1956b8ec4a504fe2f13a446
2015-02-08 19:13:01.307+0000 INFO  [o.n.k.i.DiagnosticsManager]:   Neo4j Desktop (neo4j-graph-matching), version: 2.1.7; revision: 2.1.7:2.1-maint:649/ed233fc1087f4549d1956b8ec4a504fe2f13a446
2015-02-08 19:13:01.307+0000 INFO  [o.n.k.i.DiagnosticsManager]:   Neo4j Desktop (neo4j-cypher-compiler-2.1), version: 2.1.7; revision: 2.1.7:2.1-maint:649/ed233fc1087f4549d1956b8ec4a504fe2f13a446
2015-02-08 19:13:01.307+0000 INFO  [o.n.k.i.DiagnosticsManager]:   Neo4j Desktop (server-api), version: 2.1.7; revision: 2.1.7:2.1-maint:649/ed233fc1087f4549d1956b8ec4a504fe2f13a446
2015-02-08 19:13:01.307+0000 INFO  [o.n.k.i.DiagnosticsManager]:   Neo4j Desktop (neo4j-cypher), version: 2.1.7; revision: 2.1.7:2.1-maint:649/ed233fc1087f4549d1956b8ec4a504fe2f13a446
2015-02-08 19:13:01.307+0000 INFO  [o.n.k.i.DiagnosticsManager]:   Neo4j Desktop (neo4j-desktop), version: 2.1.7; revision: 2.1.7:2.1-maint:649/ed233fc1087f4549d1956b8ec4a504fe2f13a446
2015-02-08 19:13:01.307+0000 INFO  [o.n.k.i.DiagnosticsManager]:   Neo4j Desktop (neo4j-server), version: 2.1.7; revision: 2.1.7:2.1-maint:649/ed233fc1087f4549d1956b8ec4a504fe2f13a446
2015-02-08 19:13:01.307+0000 INFO  [o.n.k.i.DiagnosticsManager]:   Neo4j Desktop (neo4j-cypher-compiler-2.0), version: 2.1.7; revision: 2.0.3:2.0-maint:72/307c563c11b75fdc71cfa6df05daf9b08d6c37dc
2015-02-08 19:13:01.307+0000 INFO  [o.n.k.i.DiagnosticsManager]:   Neo4j Desktop (neo4j-graph-algo), version: 2.1.7; revision: 2.1.7:2.1-maint:649/ed233fc1087f4549d1956b8ec4a504fe2f13a446
2015-02-08 19:13:01.307+0000 INFO  [o.n.k.i.DiagnosticsManager]:   Neo4j Desktop (neo4j-shell), version: 2.1.7; revision: 2.1.7:2.1-maint:649/ed233fc1087f4549d1956b8ec4a504fe2f13a446
2015-02-08 19:13:01.307+0000 INFO  [o.n.k.i.DiagnosticsManager]:   Neo4j Desktop (neo4j-cypher-compiler-1.9), version: 2.1.7; revision: 2.0.3:2.0-maint:72/307c563c11b75fdc71cfa6df05daf9b08d6c37dc
2015-02-08 19:13:01.307+0000 INFO  [o.n.k.i.DiagnosticsManager]:   Neo4j Desktop (neo4j-udc), version: 2.1.7; revision: 2.1.7:2.1-maint:649/ed233fc1087f4549d1956b8ec4a504fe2f13a446
2015-02-08 19:13:01.308+0000 INFO  [o.n.k.i.DiagnosticsManager]:   Neo4j Desktop (neo4j-cypher-commons), version: 2.1.7; revision: 2.1.7:2.1-maint:649/ed233fc1087f4549d1956b8ec4a504fe2f13a446
2015-02-08 19:13:01.308+0000 INFO  [o.n.k.i.DiagnosticsManager]: --- STARTED diagnostics for KernelDiagnostics:Versions END ---
2015-02-08 19:13:01.310+0000 INFO  [o.n.k.i.DiagnosticsManager]: --- STARTED diagnostics for NEO_STORE_VERSIONS START ---
2015-02-08 19:13:01.311+0000 INFO  [o.n.k.i.DiagnosticsManager]: Store versions:
2015-02-08 19:13:01.311+0000 INFO  [o.n.k.i.DiagnosticsManager]: Store versions:
2015-02-08 19:13:01.311+0000 INFO  [o.n.k.i.DiagnosticsManager]:   NeoStore v0.A.3
2015-02-08 19:13:01.311+0000 INFO  [o.n.k.i.DiagnosticsManager]:   SchemaStore v0.A.3
2015-02-08 19:13:01.311+0000 INFO  [o.n.k.i.DiagnosticsManager]:   NodeStore v0.A.3
2015-02-08 19:13:01.311+0000 INFO  [o.n.k.i.DiagnosticsManager]:   RelationshipStore v0.A.3
2015-02-08 19:13:01.312+0000 INFO  [o.n.k.i.DiagnosticsManager]:   RelationshipTypeStore v0.A.3
2015-02-08 19:13:01.312+0000 INFO  [o.n.k.i.DiagnosticsManager]:   LabelTokenStore v0.A.3
2015-02-08 19:13:01.312+0000 INFO  [o.n.k.i.DiagnosticsManager]:   PropertyStore v0.A.3
2015-02-08 19:13:01.312+0000 INFO  [o.n.k.i.DiagnosticsManager]:   PropertyIndexStore v0.A.3
2015-02-08 19:13:01.312+0000 INFO  [o.n.k.i.DiagnosticsManager]:   StringPropertyStore v0.A.3
2015-02-08 19:13:01.312+0000 INFO  [o.n.k.i.DiagnosticsManager]:   ArrayPropertyStore v0.A.3
2015-02-08 19:13:01.312+0000 INFO  [o.n.k.i.DiagnosticsManager]:   RelationshipGroupStore v0.A.3
2015-02-08 19:13:01.312+0000 INFO  [o.n.k.i.DiagnosticsManager]: --- STARTED diagnostics for NEO_STORE_VERSIONS END ---
2015-02-08 19:13:01.312+0000 INFO  [o.n.k.i.DiagnosticsManager]: --- STARTED diagnostics for NEO_STORE_ID_USAGE START ---
2015-02-08 19:13:01.312+0000 INFO  [o.n.k.i.DiagnosticsManager]: Id usage:
2015-02-08 19:13:01.312+0000 INFO  [o.n.k.i.DiagnosticsManager]: Id usage:
2015-02-08 19:13:01.312+0000 INFO  [o.n.k.i.DiagnosticsManager]:   SchemaStore: used=1 high=0
2015-02-08 19:13:01.312+0000 INFO  [o.n.k.i.DiagnosticsManager]:   NodeStore: used=0 high=-1
2015-02-08 19:13:01.312+0000 INFO  [o.n.k.i.DiagnosticsManager]:   RelationshipStore: used=0 high=-1
2015-02-08 19:13:01.313+0000 INFO  [o.n.k.i.DiagnosticsManager]:   RelationshipTypeStore: used=0 high=-1
2015-02-08 19:13:01.313+0000 INFO  [o.n.k.i.DiagnosticsManager]:   LabelTokenStore: used=0 high=-1
2015-02-08 19:13:01.313+0000 INFO  [o.n.k.i.DiagnosticsManager]:   PropertyStore: used=0 high=-1
2015-02-08 19:13:01.313+0000 INFO  [o.n.k.i.DiagnosticsManager]:   PropertyIndexStore: used=0 high=-1
2015-02-08 19:13:01.313+0000 INFO  [o.n.k.i.DiagnosticsManager]:   StringPropertyStore: used=1 high=0
2015-02-08 19:13:01.313+0000 INFO  [o.n.k.i.DiagnosticsManager]:   ArrayPropertyStore: used=1 high=0
2015-02-08 19:13:01.313+0000 INFO  [o.n.k.i.DiagnosticsManager]:   RelationshipGroupStore: used=1 high=0
2015-02-08 19:13:01.313+0000 INFO  [o.n.k.i.DiagnosticsManager]: --- STARTED diagnostics for NEO_STORE_ID_USAGE END ---
2015-02-08 19:13:01.314+0000 INFO  [o.n.k.i.DiagnosticsManager]: --- STARTED diagnostics for PERSISTENCE_WINDOW_POOL_STATS START ---
2015-02-08 19:13:01.314+0000 INFO  [o.n.k.i.DiagnosticsManager]: --- STARTED diagnostics for PERSISTENCE_WINDOW_POOL_STATS END ---
2015-02-08 19:13:01.314+0000 INFO  [o.n.k.i.DiagnosticsManager]: --- STARTED diagnostics for KernelDiagnostics:StoreFiles START ---
2015-02-08 19:13:01.321+0000 INFO  [o.n.k.i.DiagnosticsManager]: Disk space on partition (Total / Free / Free %): 104303947776 / 884178944 / 0
Storage files: (filename : modification date - size)
2015-02-08 19:13:01.323+0000 INFO  [o.n.k.i.DiagnosticsManager]:   active_tx_log: 2015-02-08T20:12:59+0100 - 11.00 B
2015-02-08 19:13:01.323+0000 INFO  [o.n.k.i.DiagnosticsManager]:   index:
2015-02-08 19:13:01.324+0000 INFO  [o.n.k.i.DiagnosticsManager]:     lucene-store.db: 2015-02-08T20:13:01+0100 - 40.00 B
2015-02-08 19:13:01.325+0000 INFO  [o.n.k.i.DiagnosticsManager]:     lucene.log.1: 2015-02-08T20:13:01+0100 - 16.00 B
2015-02-08 19:13:01.326+0000 INFO  [o.n.k.i.DiagnosticsManager]:     lucene.log.active: 2015-02-08T20:13:01+0100 - 4.00 B
2015-02-08 19:13:01.326+0000 INFO  [o.n.k.i.DiagnosticsManager]:   - Total: 2015-02-08T20:13:01+0100 - 60.00 B
2015-02-08 19:13:01.327+0000 INFO  [o.n.k.i.DiagnosticsManager]:   lock: 2015-02-08T20:12:53+0100 - 0.00 B
2015-02-08 19:13:01.328+0000 INFO  [o.n.k.i.DiagnosticsManager]:   messages.log: 2015-02-08T20:13:00+0100 - 40.55 kB
2015-02-08 19:13:01.328+0000 INFO  [o.n.k.i.DiagnosticsManager]:   neo4j.properties: 2015-02-08T20:12:52+0100 - 1.14 kB
2015-02-08 19:13:01.329+0000 INFO  [o.n.k.i.DiagnosticsManager]:   neostore: 2015-02-08T20:12:58+0100 - 81.00 B
2015-02-08 19:13:01.330+0000 INFO  [o.n.k.i.DiagnosticsManager]:   neostore.id: 2015-02-08T20:12:58+0100 - 9.00 B
2015-02-08 19:13:01.330+0000 INFO  [o.n.k.i.DiagnosticsManager]:   neostore.labeltokenstore.db: 2015-02-08T20:12:58+0100 - 0.00 B
2015-02-08 19:13:01.331+0000 INFO  [o.n.k.i.DiagnosticsManager]:   neostore.labeltokenstore.db.id: 2015-02-08T20:12:57+0100 - 9.00 B
2015-02-08 19:13:01.331+0000 INFO  [o.n.k.i.DiagnosticsManager]:   neostore.labeltokenstore.db.names: 2015-02-08T20:12:58+0100 - 38.00 B
2015-02-08 19:13:01.332+0000 INFO  [o.n.k.i.DiagnosticsManager]:   neostore.labeltokenstore.db.names.id: 2015-02-08T20:12:57+0100 - 9.00 B
2015-02-08 19:13:01.333+0000 INFO  [o.n.k.i.DiagnosticsManager]:   neostore.nodestore.db: 2015-02-08T20:12:58+0100 - 0.00 B
2015-02-08 19:13:01.333+0000 INFO  [o.n.k.i.DiagnosticsManager]:   neostore.nodestore.db.id: 2015-02-08T20:12:58+0100 - 9.00 B
2015-02-08 19:13:01.334+0000 INFO  [o.n.k.i.DiagnosticsManager]:   neostore.nodestore.db.labels: 2015-02-08T20:12:58+0100 - 68.00 B
2015-02-08 19:13:01.335+0000 INFO  [o.n.k.i.DiagnosticsManager]:   neostore.nodestore.db.labels.id: 2015-02-08T20:12:58+0100 - 9.00 B
2015-02-08 19:13:01.336+0000 INFO  [o.n.k.i.DiagnosticsManager]:   neostore.propertystore.db: 2015-02-08T20:12:58+0100 - 0.00 B
2015-02-08 19:13:01.336+0000 INFO  [o.n.k.i.DiagnosticsManager]:   neostore.propertystore.db.arrays: 2015-02-08T20:12:58+0100 - 128.00 B
2015-02-08 19:13:01.337+0000 INFO  [o.n.k.i.DiagnosticsManager]:   neostore.propertystore.db.arrays.id: 2015-02-08T20:12:57+0100 - 9.00 B
2015-02-08 19:13:01.338+0000 INFO  [o.n.k.i.DiagnosticsManager]:   neostore.propertystore.db.id: 2015-02-08T20:12:57+0100 - 9.00 B
2015-02-08 19:13:01.338+0000 INFO  [o.n.k.i.DiagnosticsManager]:   neostore.propertystore.db.index: 2015-02-08T20:12:58+0100 - 0.00 B
2015-02-08 19:13:01.339+0000 INFO  [o.n.k.i.DiagnosticsManager]:   neostore.propertystore.db.index.id: 2015-02-08T20:12:57+0100 - 9.00 B
2015-02-08 19:13:01.339+0000 INFO  [o.n.k.i.DiagnosticsManager]:   neostore.propertystore.db.index.keys: 2015-02-08T20:12:58+0100 - 38.00 B
2015-02-08 19:13:01.340+0000 INFO  [o.n.k.i.DiagnosticsManager]:   neostore.propertystore.db.index.keys.id: 2015-02-08T20:12:57+0100 - 9.00 B
2015-02-08 19:13:01.340+0000 INFO  [o.n.k.i.DiagnosticsManager]:   neostore.propertystore.db.strings: 2015-02-08T20:12:58+0100 - 128.00 B
2015-02-08 19:13:01.342+0000 INFO  [o.n.k.i.DiagnosticsManager]:   neostore.propertystore.db.strings.id: 2015-02-08T20:12:57+0100 - 9.00 B
2015-02-08 19:13:01.343+0000 INFO  [o.n.k.i.DiagnosticsManager]:   neostore.relationshipgroupstore.db: 2015-02-08T20:12:58+0100 - 25.00 B
2015-02-08 19:13:01.344+0000 INFO  [o.n.k.i.DiagnosticsManager]:   neostore.relationshipgroupstore.db.id: 2015-02-08T20:12:58+0100 - 9.00 B
2015-02-08 19:13:01.344+0000 INFO  [o.n.k.i.DiagnosticsManager]:   neostore.relationshipstore.db: 2015-02-08T20:12:58+0100 - 0.00 B
2015-02-08 19:13:01.345+0000 INFO  [o.n.k.i.DiagnosticsManager]:   neostore.relationshipstore.db.id: 2015-02-08T20:12:58+0100 - 9.00 B
2015-02-08 19:13:01.346+0000 INFO  [o.n.k.i.DiagnosticsManager]:   neostore.relationshiptypestore.db: 2015-02-08T20:12:58+0100 - 0.00 B
2015-02-08 19:13:01.347+0000 INFO  [o.n.k.i.DiagnosticsManager]:   neostore.relationshiptypestore.db.id: 2015-02-08T20:12:56+0100 - 9.00 B
2015-02-08 19:13:01.347+0000 INFO  [o.n.k.i.DiagnosticsManager]:   neostore.relationshiptypestore.db.names: 2015-02-08T20:12:58+0100 - 38.00 B
2015-02-08 19:13:01.348+0000 INFO  [o.n.k.i.DiagnosticsManager]:   neostore.relationshiptypestore.db.names.id: 2015-02-08T20:12:56+0100 - 9.00 B
2015-02-08 19:13:01.348+0000 INFO  [o.n.k.i.DiagnosticsManager]:   neostore.schemastore.db: 2015-02-08T20:12:58+0100 - 64.00 B
2015-02-08 19:13:01.349+0000 INFO  [o.n.k.i.DiagnosticsManager]:   neostore.schemastore.db.id: 2015-02-08T20:12:58+0100 - 9.00 B
2015-02-08 19:13:01.350+0000 INFO  [o.n.k.i.DiagnosticsManager]:   nioneo_logical.log.1: 2015-02-08T20:13:00+0100 - 16.00 B
2015-02-08 19:13:01.350+0000 INFO  [o.n.k.i.DiagnosticsManager]:   nioneo_logical.log.active: 2015-02-08T20:12:59+0100 - 4.00 B
2015-02-08 19:13:01.351+0000 INFO  [o.n.k.i.DiagnosticsManager]:   schema:
2015-02-08 19:13:01.351+0000 INFO  [o.n.k.i.DiagnosticsManager]:     label:
2015-02-08 19:13:01.352+0000 INFO  [o.n.k.i.DiagnosticsManager]:       lucene:
2015-02-08 19:13:01.353+0000 INFO  [o.n.k.i.DiagnosticsManager]:         write.lock: 2015-02-08T20:12:59+0100 - 0.00 B
2015-02-08 19:13:01.353+0000 INFO  [o.n.k.i.DiagnosticsManager]:       - Total: 2015-02-08T20:12:59+0100 - 0.00 B
2015-02-08 19:13:01.353+0000 INFO  [o.n.k.i.DiagnosticsManager]:     - Total: 2015-02-08T20:12:59+0100 - 0.00 B
2015-02-08 19:13:01.354+0000 INFO  [o.n.k.i.DiagnosticsManager]:   - Total: 2015-02-08T20:12:58+0100 - 0.00 B
2015-02-08 19:13:01.354+0000 INFO  [o.n.k.i.DiagnosticsManager]:   store_lock: 2015-02-08T20:12:53+0100 - 0.00 B
2015-02-08 19:13:01.355+0000 INFO  [o.n.k.i.DiagnosticsManager]:   tm_tx_log.1: 2015-02-08T20:12:59+0100 - 0.00 B
2015-02-08 19:13:01.355+0000 INFO  [o.n.k.i.DiagnosticsManager]: --- STARTED diagnostics for KernelDiagnostics:StoreFiles END ---
2015-02-08 19:13:01.408+0000 INFO  [o.n.k.EmbeddedGraphDatabase]: Database is now ready
2015-02-08 19:13:01.941+0000 INFO  [o.n.s.d.LifecycleManagingDatabase]: Successfully started database
2015-02-08 19:13:01.941+0000 INFO  [o.n.k.i.DiagnosticsManager]: --- SERVER STARTED START ---
2015-02-08 19:13:02.012+0000 INFO  [o.n.s.CommunityNeoServer]: Starting HTTP on port :7474 with 40 threads available
2015-02-08 19:13:02.220+0000 INFO  [o.n.k.i.DiagnosticsManager]: --- STARTED diagnostics for org.neo4j.server.configuration.Configurator START ---
2015-02-08 19:13:02.222+0000 INFO  [o.n.k.i.DiagnosticsManager]: Server configuration:
2015-02-08 19:13:02.222+0000 INFO  [o.n.k.i.DiagnosticsManager]: org.neo4j.server.db.tuning.properties = C:\Users\Pavle\Documents\Visual Studio 2012\Projects\JeeBerryHome3\GraphDB\neo4j.properties
2015-02-08 19:13:02.222+0000 INFO  [o.n.k.i.DiagnosticsManager]: org.neo4j.server.database.location = C:\Users\Pavle\Documents\Visual Studio 2012\Projects\JeeBerryHome3\GraphDB
2015-02-08 19:13:02.222+0000 INFO  [o.n.k.i.DiagnosticsManager]: --- STARTED diagnostics for org.neo4j.server.configuration.Configurator END ---
2015-02-08 19:13:02.228+0000 INFO  [o.n.s.m.DiscoveryModule]: Mounted discovery module at [/]
2015-02-08 19:13:02.236+0000 INFO  [o.n.s.m.RESTApiModule]: Mounted REST API at [/db/data]
2015-02-08 19:13:02.239+0000 INFO  [o.n.s.m.ManagementApiModule]: Mounted management API at [/db/manage]
2015-02-08 19:13:02.239+0000 INFO  [o.n.s.m.WebAdminModule]: Mounted webadmin at [/webadmin]
2015-02-08 19:13:02.239+0000 INFO  [o.n.s.m.Neo4jBrowserModule]: Mounted Neo4j Browser at [/browser]
2015-02-08 19:13:02.292+0000 INFO  [o.n.s.w.Jetty9WebServer]: Mounting static content at [/webadmin] from [webadmin-html]
2015-02-08 19:13:02.333+0000 INFO  [o.n.s.w.Jetty9WebServer]: Mounting static content at [/browser] from [browser]
2015-02-08 19:13:04.299+0000 INFO  [o.n.s.CommunityNeoServer]: Server started on: http://localhost:7474/
2015-02-08 19:13:04.300+0000 INFO  [o.n.s.CommunityNeoServer]: Remote interface ready and available at [http://localhost:7474/]
2015-02-08 19:13:04.300+0000 INFO  [o.n.k.i.DiagnosticsManager]: --- SERVER STARTED END ---
